This is pdfTeX, Version 3.14159265-2.6-1.40.16 (TeX Live 2015) (preloaded format=pdflatex 2015.10.2)  21 MAR 2016 20:07
entering extended mode
 restricted \write18 enabled.
 %&-line parsing enabled.
**reportCW2.tex
(./reportCW2.tex
LaTeX2e <2015/01/01>
Babel <3.9l> and hyphenation patterns for 79 languages loaded.
(/usr/local/texlive/2015/texmf-dist/tex/latex/base/article.cls
Document Class: article 2014/09/29 v1.4h Standard LaTeX document class
(/usr/local/texlive/2015/texmf-dist/tex/latex/base/size10.clo
File: size10.clo 2014/09/29 v1.4h Standard LaTeX file (size option)
)
\c@part=\count79
\c@section=\count80
\c@subsection=\count81
\c@subsubsection=\count82
\c@paragraph=\count83
\c@subparagraph=\count84
\c@figure=\count85
\c@table=\count86
\abovecaptionskip=\skip41
\belowcaptionskip=\skip42
\bibindent=\dimen102
)
(/usr/local/texlive/2015/texmf-dist/tex/latex/fancyhdr/fancyhdr.sty
\fancy@headwidth=\skip43
\f@ncyO@elh=\skip44
\f@ncyO@erh=\skip45
\f@ncyO@olh=\skip46
\f@ncyO@orh=\skip47
\f@ncyO@elf=\skip48
\f@ncyO@erf=\skip49
\f@ncyO@olf=\skip50
\f@ncyO@orf=\skip51
)
(/usr/local/texlive/2015/texmf-dist/tex/latex/lastpage/lastpage.sty
Package: lastpage 2015/03/29 v1.2m Refers to last page's name (HMM; JPG)
)
(/usr/local/texlive/2015/texmf-dist/tex/latex/fancyhdr/extramarks.sty
\@temptokenb=\toks14
)
(/usr/local/texlive/2015/texmf-dist/tex/latex/graphics/color.sty
Package: color 2014/10/28 v1.1a Standard LaTeX Color (DPC)

(/usr/local/texlive/2015/texmf-dist/tex/latex/latexconfig/color.cfg
File: color.cfg 2007/01/18 v1.5 color configuration of teTeX/TeXLive
)
Package color Info: Driver file: pdftex.def on input line 142.

(/usr/local/texlive/2015/texmf-dist/tex/latex/pdftex-def/pdftex.def
File: pdftex.def 2011/05/27 v0.06d Graphics/color for pdfTeX

(/usr/local/texlive/2015/texmf-dist/tex/generic/oberdiek/infwarerr.sty
Package: infwarerr 2010/04/08 v1.3 Providing info/warning/error messages (HO)
)
(/usr/local/texlive/2015/texmf-dist/tex/generic/oberdiek/ltxcmds.sty
Package: ltxcmds 2011/11/09 v1.22 LaTeX kernel commands for general use (HO)
)
\Gread@gobject=\count87
)
(/usr/local/texlive/2015/texmf-dist/tex/latex/graphics/dvipsnam.def
File: dvipsnam.def 2014/10/14 v3.0j Driver-dependent file (DPC,SPQR)
))
(/usr/local/texlive/2015/texmf-dist/tex/latex/listings/listings.sty
(/usr/local/texlive/2015/texmf-dist/tex/latex/graphics/keyval.sty
Package: keyval 2014/10/28 v1.15 key=value parser (DPC)
\KV@toks@=\toks15
)
\lst@mode=\count88
\lst@gtempboxa=\box26
\lst@token=\toks16
\lst@length=\count89
\lst@currlwidth=\dimen103
\lst@column=\count90
\lst@pos=\count91
\lst@lostspace=\dimen104
\lst@width=\dimen105
\lst@newlines=\count92
\lst@lineno=\count93
\lst@maxwidth=\dimen106

(/usr/local/texlive/2015/texmf-dist/tex/latex/listings/lstmisc.sty
File: lstmisc.sty 2014/09/06 1.5e (Carsten Heinz)
\c@lstnumber=\count94
\lst@skipnumbers=\count95
\lst@framebox=\box27
)
(/usr/local/texlive/2015/texmf-dist/tex/latex/listings/listings.cfg
File: listings.cfg 2014/09/06 1.5e listings configuration
))
Package: listings 2014/09/06 1.5e (Carsten Heinz)

(/usr/local/texlive/2015/texmf-dist/tex/latex/psnfss/courier.sty
Package: courier 2005/04/12 PSNFSS-v9.2a (WaS) 
)
(/usr/local/texlive/2015/texmf-dist/tex/latex/graphics/graphicx.sty
Package: graphicx 2014/10/28 v1.0g Enhanced LaTeX Graphics (DPC,SPQR)

(/usr/local/texlive/2015/texmf-dist/tex/latex/graphics/graphics.sty
Package: graphics 2014/10/28 v1.0p Standard LaTeX Graphics (DPC,SPQR)

(/usr/local/texlive/2015/texmf-dist/tex/latex/graphics/trig.sty
Package: trig 1999/03/16 v1.09 sin cos tan (DPC)
)
(/usr/local/texlive/2015/texmf-dist/tex/latex/latexconfig/graphics.cfg
File: graphics.cfg 2010/04/23 v1.9 graphics configuration of TeX Live
)
Package graphics Info: Driver file: pdftex.def on input line 94.
)
\Gin@req@height=\dimen107
\Gin@req@width=\dimen108
)
(/usr/local/texlive/2015/texmf-dist/tex/latex/subfig/subfig.sty
Package: subfig 2005/06/28 ver: 1.3 subfig package

(/usr/local/texlive/2015/texmf-dist/tex/latex/caption/caption3.sty
Package: caption3 2013/05/02 v1.6-88 caption3 kernel (AR)
Package caption3 Info: TeX engine: e-TeX on input line 57.
\captionmargin=\dimen109
\captionmargin@=\dimen110
\captionwidth=\dimen111
\caption@tempdima=\dimen112
\caption@indent=\dimen113
\caption@parindent=\dimen114
\caption@hangindent=\dimen115
)
\c@KVtest=\count96
\sf@farskip=\skip52
\sf@captopadj=\dimen116
\sf@capskip=\skip53
\sf@nearskip=\skip54
\c@subfigure=\count97
\c@subfigure@save=\count98
\c@lofdepth=\count99
\c@subtable=\count100
\c@subtable@save=\count101
\c@lotdepth=\count102
\sf@top=\skip55
\sf@bottom=\skip56
)
(/usr/local/texlive/2015/texmf-dist/tex/latex/amsmath/amsmath.sty
Package: amsmath 2013/01/14 v2.14 AMS math features
\@mathmargin=\skip57

For additional information on amsmath, use the `?' option.
(/usr/local/texlive/2015/texmf-dist/tex/latex/amsmath/amstext.sty
Package: amstext 2000/06/29 v2.01

(/usr/local/texlive/2015/texmf-dist/tex/latex/amsmath/amsgen.sty
File: amsgen.sty 1999/11/30 v2.0
\@emptytoks=\toks17
\ex@=\dimen117
))
(/usr/local/texlive/2015/texmf-dist/tex/latex/amsmath/amsbsy.sty
Package: amsbsy 1999/11/29 v1.2d
\pmbraise@=\dimen118
)
(/usr/local/texlive/2015/texmf-dist/tex/latex/amsmath/amsopn.sty
Package: amsopn 1999/12/14 v2.01 operator names
)
\inf@bad=\count103
LaTeX Info: Redefining \frac on input line 210.
\uproot@=\count104
\leftroot@=\count105
LaTeX Info: Redefining \overline on input line 306.
\classnum@=\count106
\DOTSCASE@=\count107
LaTeX Info: Redefining \ldots on input line 378.
LaTeX Info: Redefining \dots on input line 381.
LaTeX Info: Redefining \cdots on input line 466.
\Mathstrutbox@=\box28
\strutbox@=\box29
\big@size=\dimen119
LaTeX Font Info:    Redeclaring font encoding OML on input line 566.
LaTeX Font Info:    Redeclaring font encoding OMS on input line 567.
\macc@depth=\count108
\c@MaxMatrixCols=\count109
\dotsspace@=\muskip10
\c@parentequation=\count110
\dspbrk@lvl=\count111
\tag@help=\toks18
\row@=\count112
\column@=\count113
\maxfields@=\count114
\andhelp@=\toks19
\eqnshift@=\dimen120
\alignsep@=\dimen121
\tagshift@=\dimen122
\tagwidth@=\dimen123
\totwidth@=\dimen124
\lineht@=\dimen125
\@envbody=\toks20
\multlinegap=\skip58
\multlinetaggap=\skip59
\mathdisplay@stack=\toks21
LaTeX Info: Redefining \[ on input line 2665.
LaTeX Info: Redefining \] on input line 2666.
)
(/usr/local/texlive/2015/texmf-dist/tex/latex/amsfonts/amssymb.sty
Package: amssymb 2013/01/14 v3.01 AMS font symbols

(/usr/local/texlive/2015/texmf-dist/tex/latex/amsfonts/amsfonts.sty
Package: amsfonts 2013/01/14 v3.01 Basic AMSFonts support
\symAMSa=\mathgroup4
\symAMSb=\mathgroup5
LaTeX Font Info:    Overwriting math alphabet `\mathfrak' in version `bold'
(Font)                  U/euf/m/n --> U/euf/b/n on input line 106.
))
(/usr/local/texlive/2015/texmf-dist/tex/latex/tools/afterpage.sty
Package: afterpage 2014/10/28 v1.08 After-Page Package (DPC)
\AP@output=\toks22
\AP@partial=\box30
\AP@footins=\box31
)
(/usr/local/texlive/2015/texmf-dist/tex/latex/listings/lstlang1.sty
File: lstlang1.sty 2014/09/06 1.5e listings language file
)
\c@homeworkProblemCounter=\count115

(./reportCW2.aux

LaTeX Warning: Label `fig_implicitCube' multiply defined.


LaTeX Warning: Label `sub@fig_implicitCube' multiply defined.


LaTeX Warning: Label `fig_noisyDragonOrig' multiply defined.


LaTeX Warning: Label `sub@fig_noisyDragonOrig' multiply defined.


LaTeX Warning: Label `fig_implicitCube' multiply defined.


LaTeX Warning: Label `sub@fig_implicitCube' multiply defined.


LaTeX Warning: Label `fig_noisyDragonOrig' multiply defined.


LaTeX Warning: Label `sub@fig_noisyDragonOrig' multiply defined.


LaTeX Warning: Label `fig_implicitCube' multiply defined.


LaTeX Warning: Label `sub@fig_implicitCube' multiply defined.


LaTeX Warning: Label `fig_noisyDragonOrig' multiply defined.


LaTeX Warning: Label `sub@fig_noisyDragonOrig' multiply defined.


LaTeX Warning: Label `fig_implicitCube' multiply defined.


LaTeX Warning: Label `sub@fig_implicitCube' multiply defined.

)
\openout1 = `reportCW2.aux'.

LaTeX Font Info:    Checking defaults for OML/cmm/m/it on input line 171.
LaTeX Font Info:    ... okay on input line 171.
LaTeX Font Info:    Checking defaults for T1/cmr/m/n on input line 171.
LaTeX Font Info:    ... okay on input line 171.
LaTeX Font Info:    Checking defaults for OT1/cmr/m/n on input line 171.
LaTeX Font Info:    ... okay on input line 171.
LaTeX Font Info:    Checking defaults for OMS/cmsy/m/n on input line 171.
LaTeX Font Info:    ... okay on input line 171.
LaTeX Font Info:    Checking defaults for OMX/cmex/m/n on input line 171.
LaTeX Font Info:    ... okay on input line 171.
LaTeX Font Info:    Checking defaults for U/cmr/m/n on input line 171.
LaTeX Font Info:    ... okay on input line 171.
Package lastpage Info: Please have a look at the pageslts package at
(lastpage)             https://www.ctan.org/pkg/pageslts
(lastpage)             ! on input line 171.
 (/usr/local/texlive/2015/texmf-dist/tex/context/base/supp-pdf.mkii
[Loading MPS to PDF converter (version 2006.09.02).]
\scratchcounter=\count116
\scratchdimen=\dimen126
\scratchbox=\box32
\nofMPsegments=\count117
\nofMParguments=\count118
\everyMPshowfont=\toks23
\MPscratchCnt=\count119
\MPscratchDim=\dimen127
\MPnumerator=\count120
\makeMPintoPDFobject=\count121
\everyMPtoPDFconversion=\toks24
)
\c@lstlisting=\count122
 (/usr/local/texlive/2015/texmf-dist/tex/generic/oberdiek/pdftexcmds.sty
Package: pdftexcmds 2011/11/29 v0.20 Utility functions of pdfTeX for LuaTeX (HO
)

(/usr/local/texlive/2015/texmf-dist/tex/generic/oberdiek/ifluatex.sty
Package: ifluatex 2010/03/01 v1.3 Provides the ifluatex switch (HO)
Package ifluatex Info: LuaTeX not detected.
)
(/usr/local/texlive/2015/texmf-dist/tex/generic/oberdiek/ifpdf.sty
Package: ifpdf 2011/01/30 v2.3 Provides the ifpdf switch (HO)
Package ifpdf Info: pdfTeX in PDF mode is detected.
)
Package pdftexcmds Info: LuaTeX not detected.
Package pdftexcmds Info: \pdf@primitive is available.
Package pdftexcmds Info: \pdf@ifprimitive is available.
Package pdftexcmds Info: \pdfdraftmode found.
)
(/usr/local/texlive/2015/texmf-dist/tex/latex/oberdiek/epstopdf-base.sty
Package: epstopdf-base 2010/02/09 v2.5 Base part for package epstopdf

(/usr/local/texlive/2015/texmf-dist/tex/latex/oberdiek/grfext.sty
Package: grfext 2010/08/19 v1.1 Manage graphics extensions (HO)

(/usr/local/texlive/2015/texmf-dist/tex/generic/oberdiek/kvdefinekeys.sty
Package: kvdefinekeys 2011/04/07 v1.3 Define keys (HO)
))
(/usr/local/texlive/2015/texmf-dist/tex/latex/oberdiek/kvoptions.sty
Package: kvoptions 2011/06/30 v3.11 Key value format for package options (HO)

(/usr/local/texlive/2015/texmf-dist/tex/generic/oberdiek/kvsetkeys.sty
Package: kvsetkeys 2012/04/25 v1.16 Key value parser (HO)

(/usr/local/texlive/2015/texmf-dist/tex/generic/oberdiek/etexcmds.sty
Package: etexcmds 2011/02/16 v1.5 Avoid name clashes with e-TeX commands (HO)
Package etexcmds Info: Could not find \expanded.
(etexcmds)             That can mean that you are not using pdfTeX 1.50 or
(etexcmds)             that some package has redefined \expanded.
(etexcmds)             In the latter case, load this package earlier.
)))
Package grfext Info: Graphics extension search list:
(grfext)             [.pdf,.jpg,.png,.eps]
(grfext)             \AppendGraphicsExtensions on input line 452.

(/usr/local/texlive/2015/texmf-dist/tex/latex/latexconfig/epstopdf-sys.cfg
File: epstopdf-sys.cfg 2010/07/13 v1.3 Configuration of (r)epstopdf for TeX Liv
e
))
Package caption Info: Begin \AtBeginDocument code.
Package caption Info: subfig package v1.3 is loaded.
Package caption Info: End \AtBeginDocument code.
LaTeX Font Info:    Try loading font information for U+msa on input line 173.

(/usr/local/texlive/2015/texmf-dist/tex/latex/amsfonts/umsa.fd
File: umsa.fd 2013/01/14 v3.01 AMS symbols A
)
LaTeX Font Info:    Try loading font information for U+msb on input line 173.

(/usr/local/texlive/2015/texmf-dist/tex/latex/amsfonts/umsb.fd
File: umsb.fd 2013/01/14 v3.01 AMS symbols B
) [1

{/usr/local/texlive/2015/texmf-var/fonts/map/pdftex/updmap/pdftex.map}]
Underfull \hbox (badness 10000) in paragraph at lines 185--186

 []


Underfull \hbox (badness 10000) in paragraph at lines 187--188

 []

LaTeX Font Info:    Try loading font information for OMS+cmr on input line 203.

(/usr/local/texlive/2015/texmf-dist/tex/latex/base/omscmr.fd
File: omscmr.fd 2014/09/29 v2.5h Standard LaTeX font definitions
)
LaTeX Font Info:    Font shape `OMS/cmr/m/n' in size <10> not available
(Font)              Font shape `OMS/cmsy/m/n' tried instead on input line 203.

Underfull \hbox (badness 10000) in paragraph at lines 208--209

 []

<figures/meanCurv1.png, id=9, 513.92pt x 425.59pt>
File: figures/meanCurv1.png Graphic file (type png)
 <use figures/meanCurv1.png>
Package pdftex.def Info: figures/meanCurv1.png used on input line 231.
(pdftex.def)             Requested size: 218.17392pt x 180.67499pt.

<figures/meanCurv2.png, id=11, 515.9275pt x 485.815pt>
File: figures/meanCurv2.png Graphic file (type png)

<use figures/meanCurv2.png>
Package pdftex.def Info: figures/meanCurv2.png used on input line 234.
(pdftex.def)             Requested size: 191.87424pt x 180.67499pt.

<figures/meanCurvLB1.png, id=12, 522.95375pt x 466.74374pt>
File: figures/meanCurvLB1.png Graphic file (type png)

<use figures/meanCurvLB1.png>
Package pdftex.def Info: figures/meanCurvLB1.png used on input line 237.
(pdftex.def)             Requested size: 202.43501pt x 180.67499pt.

<figures/meanCurvLB2.png, id=13, 493.845pt x 466.74374pt>
File: figures/meanCurvLB2.png Graphic file (type png)

<use figures/meanCurvLB2.png>
Package pdftex.def Info: figures/meanCurvLB2.png used on input line 240.
(pdftex.def)             Requested size: 191.16702pt x 180.67499pt.


LaTeX Warning: `!h' float specifier changed to `!ht'.


Underfull \hbox (badness 10000) in paragraph at lines 247--248

 []

<figures/gaussianCurv1.png, id=14, 679.53876pt x 493.845pt>
File: figures/gaussianCurv1.png Graphic file (type png)

<use figures/gaussianCurv1.png>
Package pdftex.def Info: figures/gaussianCurv1.png used on input line 259.
(pdftex.def)             Requested size: 248.60506pt x 180.67499pt.

<figures/gaussianCurv2.png, id=15, 562.1pt x 522.95375pt>
File: figures/gaussianCurv2.png Graphic file (type png)

<use figures/gaussianCurv2.png>
Package pdftex.def Info: figures/gaussianCurv2.png used on input line 262.
(pdftex.def)             Requested size: 194.19917pt x 180.67499pt.


LaTeX Warning: `!h' float specifier changed to `!ht'.

[2]
Underfull \hbox (badness 10000) in paragraph at lines 283--284

 []

<figures/k1_ul.png, id=27, 561.09625pt x 445.665pt>
File: figures/k1_ul.png Graphic file (type png)
 <use figures/k1_ul.png>
Package pdftex.def Info: figures/k1_ul.png used on input line 290.
(pdftex.def)             Requested size: 181.9774pt x 144.54pt.

<figures/k1_lb.png, id=28, 558.085pt x 447.6725pt>
File: figures/k1_lb.png Graphic file (type png)
 <use figures/k1_lb.png>
Package pdftex.def Info: figures/k1_lb.png used on input line 293.
(pdftex.def)             Requested size: 180.1918pt x 144.54pt.

<figures/k2_ul.png, id=29, 581.17125pt x 437.635pt>
File: figures/k2_ul.png Graphic file (type png)
 <use figures/k2_ul.png>
Package pdftex.def Info: figures/k2_ul.png used on input line 296.
(pdftex.def)             Requested size: 191.94672pt x 144.54pt.

<figures/k2_lb.png, id=30, 568.1225pt x 435.6275pt>
File: figures/k2_lb.png Graphic file (type png)
 <use figures/k2_lb.png>
Package pdftex.def Info: figures/k2_lb.png used on input line 299.
(pdftex.def)             Requested size: 188.49525pt x 144.54pt.


LaTeX Warning: `!h' float specifier changed to `!ht'.


Underfull \hbox (badness 10000) in paragraph at lines 306--307

 []

[3 <./figures/meanCurv1.png> <./figures/meanCurv2.png> <./figures/meanCurvLB1.p
ng> <./figures/meanCurvLB2.png>]

LaTeX Warning: Text page 4 contains only floats.

[4 <./figures/gaussianCurv1.png> <./figures/gaussianCurv2.png> <./figures/k1_ul
.png> <./figures/k1_lb.png> <./figures/k2_ul.png> <./figures/k2_lb.png>]
[5]
Underfull \hbox (badness 10000) in paragraph at lines 334--335

 []

<figures/explicitL1_5iter.png, id=51, 502.87875pt x 409.53pt>
File: figures/explicitL1_5iter.png Graphic file (type png)

<use figures/explicitL1_5iter.png>
Package pdftex.def Info: figures/explicitL1_5iter.png used on input line 348.
(pdftex.def)             Requested size: 177.49113pt x 144.54pt.

<figures/explicitL1_5iter_diff.png, id=52, 496.85625pt x 410.53375pt>
File: figures/explicitL1_5iter_diff.png Graphic file (type png)

<use figures/explicitL1_5iter_diff.png>
Package pdftex.def Info: figures/explicitL1_5iter_diff.png used on input line 3
51.
(pdftex.def)             Requested size: 174.92578pt x 144.54pt.

<figures/explicitL2_3iter.png, id=53, 604.2575pt x 453.695pt>
File: figures/explicitL2_3iter.png Graphic file (type png)

<use figures/explicitL2_3iter.png>
Package pdftex.def Info: figures/explicitL2_3iter.png used on input line 354.
(pdftex.def)             Requested size: 192.50887pt x 144.54pt.

<figures/explicitL2_3iter_diff.png, id=54, 607.26875pt x 468.75125pt>
File: figures/explicitL2_3iter_diff.png Graphic file (type png)

<use figures/explicitL2_3iter_diff.png>
Package pdftex.def Info: figures/explicitL2_3iter_diff.png used on input line 3
57.
(pdftex.def)             Requested size: 187.25063pt x 144.54pt.

Underfull \hbox (badness 10000) in paragraph at lines 363--364

 []


Overfull \hbox (16.3987pt too wide) in paragraph at lines 371--372
[]\OT1/cmr/m/n/10 The im-plicit smooth-ing equa-tion was solved us-ing the bi c
on-ju-gate gra-di-ent sta-bi-lized solver (Eigen::BiCGSTAB).
 []

[6

 <./figures/explicitL1_5iter.png> <./figures/explicitL1_5iter_diff.png> <./figu
res/explicitL2_3iter.png> <./figures/explicitL2_3iter_diff.png>]
<figures/implicitL5_1iter.png, id=62, 527.9725pt x 423.5825pt>
File: figures/implicitL5_1iter.png Graphic file (type png)

<use figures/implicitL5_1iter.png>
Package pdftex.def Info: figures/implicitL5_1iter.png used on input line 381.
(pdftex.def)             Requested size: 225.20305pt x 180.67499pt.

<figures/implicitL5_1iter_diff.png, id=63, 490.83376pt x 420.57124pt>
File: figures/implicitL5_1iter_diff.png Graphic file (type png)

<use figures/implicitL5_1iter_diff.png>
Package pdftex.def Info: figures/implicitL5_1iter_diff.png used on input line 3
84.
(pdftex.def)             Requested size: 210.85966pt x 180.67499pt.

<figures/implicitL3_3iter.png, id=64, 510.90875pt x 464.73625pt>
File: figures/implicitL3_3iter.png Graphic file (type png)

<use figures/implicitL3_3iter.png>
Package pdftex.def Info: figures/implicitL3_3iter.png used on input line 387.
(pdftex.def)             Requested size: 198.62215pt x 180.67499pt.

<figures/implicitL3_3iter_diff.png, id=65, 470.75874pt x 456.70625pt>
File: figures/implicitL3_3iter_diff.png Graphic file (type png)

<use figures/implicitL3_3iter_diff.png>
Package pdftex.def Info: figures/implicitL3_3iter_diff.png used on input line 3
90.
(pdftex.def)             Requested size: 186.2314pt x 180.67499pt.

<figures/explicitL05_3iter.png, id=66, 502.87875pt x 468.75125pt>
File: figures/explicitL05_3iter.png Graphic file (type png)

<use figures/explicitL05_3iter.png>
Package pdftex.def Info: figures/explicitL05_3iter.png used on input line 400.
(pdftex.def)             Requested size: 193.8276pt x 180.67499pt.

<figures/implicitCube_L3_3iter.png, id=67, 525.965pt x 495.8525pt>
File: figures/implicitCube_L3_3iter.png Graphic file (type png)

<use figures/implicitCube_L3_3iter.png>
Package pdftex.def Info: figures/implicitCube_L3_3iter.png used on input line 4
03.
(pdftex.def)             Requested size: 191.64256pt x 180.67499pt.


LaTeX Warning: `!h' float specifier changed to `!ht'.


Underfull \hbox (badness 10000) in paragraph at lines 409--410

 []


Underfull \hbox (badness 10000) in paragraph at lines 412--413

 []

[7 <./figures/implicitL5_1iter.png> <./figures/implicitL5_1iter_diff.png> <./fi
gures/implicitL3_3iter.png> <./figures/implicitL3_3iter_diff.png>] [8 <./figure
s/explicitL05_3iter.png> <./figures/implicitCube_L3_3iter.png>]
Underfull \hbox (badness 10000) in paragraph at lines 415--416

 []


Underfull \hbox (badness 10000) in paragraph at lines 417--418

 []

<figures/noisyDragon.png, id=81, 607.26875pt x 476.78125pt>
File: figures/noisyDragon.png Graphic file (type png)

<use figures/noisyDragon.png>
Package pdftex.def Info: figures/noisyDragon.png used on input line 423.
(pdftex.def)             Requested size: 184.10013pt x 144.54pt.

<figures/noisyExplL1_5iter.png, id=82, 557.08125pt x 444.66125pt>
File: figures/noisyExplL1_5iter.png Graphic file (type png)

<use figures/noisyExplL1_5iter.png>
Package pdftex.def Info: figures/noisyExplL1_5iter.png used on input line 426.
(pdftex.def)             Requested size: 181.08327pt x 144.54pt.

<figures/noisyImplL3_1iter.png, id=83, 563.10374pt x 448.67625pt>
File: figures/noisyImplL3_1iter.png Graphic file (type png)

<use figures/noisyImplL3_1iter.png>
Package pdftex.def Info: figures/noisyImplL3_1iter.png used on input line 429.
(pdftex.def)             Requested size: 181.3998pt x 144.54pt.

<figures/noisyImplL3_3iter.png, id=84, 583.17876pt x 426.59375pt>
File: figures/noisyImplL3_3iter.png Graphic file (type png)

<use figures/noisyImplL3_3iter.png>
Package pdftex.def Info: figures/noisyImplL3_3iter.png used on input line 432.
(pdftex.def)             Requested size: 197.59296pt x 144.54pt.

Underfull \hbox (badness 10000) in paragraph at lines 438--439

 []

<figures/noisyExplL1_3iter.png, id=85, 492.84125pt x 410.53375pt>
File: figures/noisyExplL1_3iter.png Graphic file (type png)

<use figures/noisyExplL1_3iter.png>
Package pdftex.def Info: figures/noisyExplL1_3iter.png used on input line 444.
(pdftex.def)             Requested size: 173.51222pt x 144.54pt.

<figures/noisyExplL2_2iter.png, id=86, 494.84875pt x 392.46625pt>
File: figures/noisyExplL2_2iter.png Graphic file (type png)

<use figures/noisyExplL2_2iter.png>
Package pdftex.def Info: figures/noisyExplL2_2iter.png used on input line 447.
(pdftex.def)             Requested size: 182.24548pt x 144.54pt.

<figures/noisyExplL07_5iter.png, id=87, 471.7625pt x 404.51125pt>
File: figures/noisyExplL07_5iter.png Graphic file (type png)

<use figures/noisyExplL07_5iter.png>
Package pdftex.def Info: figures/noisyExplL07_5iter.png used on input line 450.

(pdftex.def)             Requested size: 168.56743pt x 144.54pt.

<figures/noisyImplL2_5iter.png, id=88, 476.78125pt x 391.4625pt>
File: figures/noisyImplL2_5iter.png Graphic file (type png)

<use figures/noisyImplL2_5iter.png>
Package pdftex.def Info: figures/noisyImplL2_5iter.png used on input line 453.
(pdftex.def)             Requested size: 176.04254pt x 144.54pt.


LaTeX Warning: `!h' float specifier changed to `!ht'.

[9

 <./figures/noisyDragon.png> <./figures/noisyExplL1_5iter.png> <./figures/noisy
ImplL3_1iter.png> <./figures/noisyImplL3_3iter.png>] [10 <./figures/noisyExplL1
_3iter.png> <./figures/noisyExplL2_2iter.png> <./figures/noisyExplL07_5iter.png
> <./figures/noisyImplL2_5iter.png>]
No file reportCW2.bbl.

AED: lastpage setting LastPage
(./reportCW2.aux)

LaTeX Warning: There were multiply-defined labels.

 ) 
Here is how much of TeX's memory you used:
 5038 strings out of 493089
 75825 string characters out of 6134842
 158930 words of memory out of 5000000
 8410 multiletter control sequences out of 15000+600000
 12109 words of font info for 47 fonts, out of 8000000 for 9000
 1141 hyphenation exceptions out of 8191
 38i,12n,47p,602b,388s stack positions out of 5000i,500n,10000p,200000b,80000s
</usr/local/texlive/2015/texmf-dist/fonts/type1/public/amsfonts/cm/cmbx10.pfb
></usr/local/texlive/2015/texmf-dist/fonts/type1/public/amsfonts/cm/cmbx12.pfb>
</usr/local/texlive/2015/texmf-dist/fonts/type1/public/amsfonts/cm/cmex10.pfb><
/usr/local/texlive/2015/texmf-dist/fonts/type1/public/amsfonts/cm/cmmi10.pfb></
usr/local/texlive/2015/texmf-dist/fonts/type1/public/amsfonts/cm/cmmi5.pfb></us
r/local/texlive/2015/texmf-dist/fonts/type1/public/amsfonts/cm/cmmi7.pfb></usr/
local/texlive/2015/texmf-dist/fonts/type1/public/amsfonts/cm/cmr10.pfb></usr/lo
cal/texlive/2015/texmf-dist/fonts/type1/public/amsfonts/cm/cmr7.pfb></usr/local
/texlive/2015/texmf-dist/fonts/type1/public/amsfonts/cm/cmr8.pfb></usr/local/te
xlive/2015/texmf-dist/fonts/type1/public/amsfonts/cm/cmr9.pfb></usr/local/texli
ve/2015/texmf-dist/fonts/type1/public/amsfonts/cm/cmsy10.pfb></usr/local/texliv
e/2015/texmf-dist/fonts/type1/public/amsfonts/cm/cmsy7.pfb>
Output written on reportCW2.pdf (10 pages, 5062689 bytes).
PDF statistics:
 142 PDF objects out of 1000 (max. 8388607)
 61 compressed objects within 1 object stream
 0 named destinations out of 1000 (max. 500000)
 141 words of extra memory for PDF output out of 10000 (max. 10000000)

